<?xml version="1.0" encoding="UTF-8"?>
<coverage generated="1675943166477" clover="3.2.0">
  <project timestamp="1675943166477" name="All files">
    <metrics statements="1" coveredstatements="1" conditionals="0" coveredconditionals="0" methods="1" coveredmethods="1" elements="2" coveredelements="2" complexity="0" loc="1" ncloc="1" packages="1" files="1" classes="1"/>
    <file name="dummyAPi.js" path="C:\Users\hp\Desktop\microverse_drive\module2\capstone2\src\modules\__test__\__mock__\dummyAPi.js">
      <metrics statements="1" coveredstatements="1" conditionals="0" coveredconditionals="0" methods="1" coveredmethods="1"/>
      <line num="1" count="2" type="stmt"/>
    </file>
  </project>
</coverage>
