{"C:\\Users\\zewdu\\Desktop\\FILE\\coding\\microverse\\module_two\\capstone2\\src\\modules\\__test__\\__mock__\\dummyAPi.js": {"path":"C:\\Users\\zewdu\\Desktop\\FILE\\coding\\microverse\\module_two\\capstone2\\src\\modules\\__test__\\__mock__\\dummyAPi.js","statementMap":{"0":{"start":{"line":1,"column":23},"end":{"line":1,"column":42}},"1":{"start":{"line":1,"column":32},"end":{"line":1,"column":42}},"2":{"start":{"line":2,"column":21},"end":{"line":2,"column":54}},"3":{"start":{"line":2,"column":37},"end":{"line":2,"column":54}}},"fnMap":{"0":{"name":"(anonymous_0)","decl":{"start":{"line":1,"column":23},"end":{"line":1,"column":24}},"loc":{"start":{"line":1,"column":32},"end":{"line":1,"column":42}},"line":1},"1":{"name":"(anonymous_1)","decl":{"start":{"line":2,"column":21},"end":{"line":2,"column":22}},"loc":{"start":{"line":2,"column":37},"end":{"line":2,"column":54}},"line":2}},"branchMap":{},"s":{"0":1,"1":3,"2":1,"3":3},"f":{"0":3,"1":3},"b":{},"_coverageSchema":"1a1c01bbd47fc00a2c39e90264f33305004495a9","hash":"57a3b020c87795b0ad79c1f3ab47affe3e207f10"}
,"C:\\Users\\zewdu\\Desktop\\FILE\\coding\\microverse\\module_two\\capstone2\\src\\modules\\__test__\\__mock__\\dummyReservationAPI.js": {"path":"C:\\Users\\zewdu\\Desktop\\FILE\\coding\\microverse\\module_two\\capstone2\\src\\modules\\__test__\\__mock__\\dummyReservationAPI.js","statementMap":{"0":{"start":{"line":1,"column":30},"end":{"line":1,"column":49}},"1":{"start":{"line":1,"column":39},"end":{"line":1,"column":49}}},"fnMap":{"0":{"name":"(anonymous_0)","decl":{"start":{"line":1,"column":30},"end":{"line":1,"column":31}},"loc":{"start":{"line":1,"column":39},"end":{"line":1,"column":49}},"line":1}},"branchMap":{},"s":{"0":1,"1":3},"f":{"0":3},"b":{},"_coverageSchema":"1a1c01bbd47fc00a2c39e90264f33305004495a9","hash":"fbd292cb5e343db9a7b155c73450b24b4f23fde3"}
}
