{"C:\\Users\\zewdu\\Desktop\\FILE\\coding\\microverse\\module_two\\capstone2\\src\\modules\\__test__\\__mock__\\dummyAPi.js": {"path":"C:\\Users\\zewdu\\Desktop\\FILE\\coding\\microverse\\module_two\\capstone2\\src\\modules\\__test__\\__mock__\\dummyAPi.js","statementMap":{"0":{"start":{"line":2,"column":23},"end":{"line":2,"column":42}},"1":{"start":{"line":2,"column":32},"end":{"line":2,"column":42}}},"fnMap":{"0":{"name":"(anonymous_0)","decl":{"start":{"line":2,"column":23},"end":{"line":2,"column":24}},"loc":{"start":{"line":2,"column":32},"end":{"line":2,"column":42}},"line":2}},"branchMap":{},"s":{"0":1,"1":2},"f":{"0":2},"b":{},"_coverageSchema":"1a1c01bbd47fc00a2c39e90264f33305004495a9","hash":"36bac973c56f387bf0d03c85cb48db7d8ded28a9"}
,"C:\\Users\\zewdu\\Desktop\\FILE\\coding\\microverse\\module_two\\capstone2\\src\\modules\\__test__\\__mock__\\dummyReservationAPI.js": {"path":"C:\\Users\\zewdu\\Desktop\\FILE\\coding\\microverse\\module_two\\capstone2\\src\\modules\\__test__\\__mock__\\dummyReservationAPI.js","statementMap":{"0":{"start":{"line":1,"column":30},"end":{"line":1,"column":49}},"1":{"start":{"line":1,"column":39},"end":{"line":1,"column":49}}},"fnMap":{"0":{"name":"(anonymous_0)","decl":{"start":{"line":1,"column":30},"end":{"line":1,"column":31}},"loc":{"start":{"line":1,"column":39},"end":{"line":1,"column":49}},"line":1}},"branchMap":{},"s":{"0":1,"1":2},"f":{"0":2},"b":{},"_coverageSchema":"1a1c01bbd47fc00a2c39e90264f33305004495a9","hash":"fbd292cb5e343db9a7b155c73450b24b4f23fde3"}
}
